Started GET "/" for ::1 at 2021-01-07 15:23:45 -0600
  [1m[35m (3.1ms)[0m  [1m[34mSELECT sqlite_version(*)[0m
Processing by Rails::WelcomeController#index as HTML
  Rendering /Users/petersmith/.rvm/gems/ruby-2.6.3/gems/railties-6.0.3.4/lib/rails/templates/rails/welcome/index.html.erb
  Rendered /Users/petersmith/.rvm/gems/ruby-2.6.3/gems/railties-6.0.3.4/lib/rails/templates/rails/welcome/index.html.erb (Duration: 10.8ms | Allocations: 481)
Completed 200 OK in 24ms (Views: 16.5ms | ActiveRecord: 0.0ms | Allocations: 2738)


Started GET "/" for ::1 at 2021-01-07 15:26:43 -0600
  [1m[35m (0.4ms)[0m  [1m[34mSELECT sqlite_version(*)[0m
Processing by Rails::WelcomeController#index as HTML
  Rendering /Users/petersmith/.rvm/gems/ruby-2.6.3/gems/railties-6.0.3.4/lib/rails/templates/rails/welcome/index.html.erb
  Rendered /Users/petersmith/.rvm/gems/ruby-2.6.3/gems/railties-6.0.3.4/lib/rails/templates/rails/welcome/index.html.erb (Duration: 6.4ms | Allocations: 316)
Completed 200 OK in 19ms (Views: 9.3ms | ActiveRecord: 0.0ms | Allocations: 1767)


Started GET "/home/index" for ::1 at 2021-01-07 15:26:55 -0600
Processing by HomeController#index as HTML
  Rendering home/index.html.erb within layouts/application
  Rendered home/index.html.erb within layouts/application (Duration: 1.0ms | Allocations: 91)
[Webpacker] Compiling...
[Webpacker] Compiled all packs in /Users/petersmith/github/awesomegram/public/packs
[Webpacker] Hash: 76145d9ce4575ebaa29b
Version: webpack 4.44.2
Time: 1686ms
Built at: 01/07/2021 3:26:58 PM
                                     Asset       Size       Chunks                         Chunk Names
    js/application-c229f7c7014cf8c8d494.js    124 KiB  application  [emitted] [immutable]  application
js/application-c229f7c7014cf8c8d494.js.map    139 KiB  application  [emitted] [dev]        application
                             manifest.json  364 bytes               [emitted]              
Entrypoint application = js/application-c229f7c7014cf8c8d494.js js/application-c229f7c7014cf8c8d494.js.map
[./app/javascript/channels sync recursive _channel\.js$] ./app/javascript/channels sync _channel\.js$ 160 bytes {application} [built]
[./app/javascript/channels/index.js] 211 bytes {application} [built]
[./app/javascript/packs/application.js] 749 bytes {application} [built]
[./node_modules/webpack/buildin/module.js] (webpack)/buildin/module.js 552 bytes {application} [built]
    + 3 hidden modules

Completed 200 OK in 3421ms (Views: 3420.0ms | ActiveRecord: 0.0ms | Allocations: 18745)


Started GET "/" for ::1 at 2021-01-07 15:28:56 -0600
  [1m[35m (0.4ms)[0m  [1m[34mSELECT sqlite_version(*)[0m
Processing by HomeController#index as HTML
  Rendering home/index.html.erb within layouts/application
  Rendered home/index.html.erb within layouts/application (Duration: 0.7ms | Allocations: 204)
[Webpacker] Everything's up-to-date. Nothing to do
Completed 200 OK in 18ms (Views: 13.6ms | ActiveRecord: 0.0ms | Allocations: 8080)


Started GET "/" for ::1 at 2021-01-07 15:28:58 -0600
Processing by HomeController#index as HTML
  Rendering home/index.html.erb within layouts/application
  Rendered home/index.html.erb within layouts/application (Duration: 0.0ms | Allocations: 5)
[Webpacker] Everything's up-to-date. Nothing to do
Completed 200 OK in 6ms (Views: 5.5ms | ActiveRecord: 0.0ms | Allocations: 3834)


Started GET "/" for ::1 at 2021-01-07 16:24:22 -0600
  
ActiveRecord::NoDatabaseError (FATAL:  database "awesomegram_development" does not exist
):
  
activerecord (6.0.3.4) lib/active_record/connection_adapters/postgresql_adapter.rb:50:in `rescue in postgresql_connection'
activerecord (6.0.3.4) lib/active_record/connection_adapters/postgresql_adapter.rb:33:in `postgresql_connection'
activerecord (6.0.3.4) lib/active_record/connection_adapters/abstract/connection_pool.rb:887:in `new_connection'
activerecord (6.0.3.4) lib/active_record/connection_adapters/abstract/connection_pool.rb:931:in `checkout_new_connection'
activerecord (6.0.3.4) lib/active_record/connection_adapters/abstract/connection_pool.rb:910:in `try_to_checkout_new_connection'
activerecord (6.0.3.4) lib/active_record/connection_adapters/abstract/connection_pool.rb:871:in `acquire_connection'
activerecord (6.0.3.4) lib/active_record/connection_adapters/abstract/connection_pool.rb:593:in `checkout'
activerecord (6.0.3.4) lib/active_record/connection_adapters/abstract/connection_pool.rb:437:in `connection'
activerecord (6.0.3.4) lib/active_record/connection_adapters/abstract/connection_pool.rb:1119:in `retrieve_connection'
activerecord (6.0.3.4) lib/active_record/connection_handling.rb:221:in `retrieve_connection'
activerecord (6.0.3.4) lib/active_record/connection_handling.rb:189:in `connection'
activerecord (6.0.3.4) lib/active_record/migration.rb:562:in `call'
actionpack (6.0.3.4) lib/action_dispatch/middleware/callbacks.rb:27:in `block in call'
activesupport (6.0.3.4) lib/active_support/callbacks.rb:101:in `run_callbacks'
actionpack (6.0.3.4) lib/action_dispatch/middleware/callbacks.rb:26:in `call'
actionpack (6.0.3.4) lib/action_dispatch/middleware/executor.rb:14:in `call'
actionpack (6.0.3.4) lib/action_dispatch/middleware/actionable_exceptions.rb:18:in `call'
actionpack (6.0.3.4) lib/action_dispatch/middleware/debug_exceptions.rb:32:in `call'
web-console (4.1.0) lib/web_console/middleware.rb:132:in `call_app'
web-console (4.1.0) lib/web_console/middleware.rb:28:in `block in call'
web-console (4.1.0) lib/web_console/middleware.rb:17:in `catch'
web-console (4.1.0) lib/web_console/middleware.rb:17:in `call'
actionpack (6.0.3.4) lib/action_dispatch/middleware/show_exceptions.rb:33:in `call'
railties (6.0.3.4) lib/rails/rack/logger.rb:37:in `call_app'
railties (6.0.3.4) lib/rails/rack/logger.rb:26:in `block in call'
activesupport (6.0.3.4) lib/active_support/tagged_logging.rb:80:in `block in tagged'
activesupport (6.0.3.4) lib/active_support/tagged_logging.rb:28:in `tagged'
activesupport (6.0.3.4) lib/active_support/tagged_logging.rb:80:in `tagged'
railties (6.0.3.4) lib/rails/rack/logger.rb:26:in `call'
sprockets-rails (3.2.2) lib/sprockets/rails/quiet_assets.rb:13:in `call'
actionpack (6.0.3.4) lib/action_dispatch/middleware/remote_ip.rb:81:in `call'
actionpack (6.0.3.4) lib/action_dispatch/middleware/request_id.rb:27:in `call'
rack (2.2.3) lib/rack/method_override.rb:24:in `call'
rack (2.2.3) lib/rack/runtime.rb:22:in `call'
activesupport (6.0.3.4) lib/active_support/cache/strategy/local_cache_middleware.rb:29:in `call'
actionpack (6.0.3.4) lib/action_dispatch/middleware/executor.rb:14:in `call'
actionpack (6.0.3.4) lib/action_dispatch/middleware/static.rb:126:in `call'
rack (2.2.3) lib/rack/sendfile.rb:110:in `call'
actionpack (6.0.3.4) lib/action_dispatch/middleware/host_authorization.rb:82:in `call'
webpacker (4.3.0) lib/webpacker/dev_server_proxy.rb:23:in `perform_request'
rack-proxy (0.6.5) lib/rack/proxy.rb:57:in `call'
railties (6.0.3.4) lib/rails/engine.rb:527:in `call'
puma (4.3.7) lib/puma/configuration.rb:228:in `call'
puma (4.3.7) lib/puma/server.rb:713:in `handle_request'
puma (4.3.7) lib/puma/server.rb:472:in `process_client'
puma (4.3.7) lib/puma/server.rb:328:in `block in run'
puma (4.3.7) lib/puma/thread_pool.rb:134:in `block in spawn_thread'
  [1m[35m (384.2ms)[0m  [1m[35mCREATE DATABASE "awesomegram_development" ENCODING = 'unicode'[0m
  [1m[35m (94.3ms)[0m  [1m[35mCREATE DATABASE "awesomegram_test" ENCODING = 'unicode'[0m
Started GET "/" for ::1 at 2021-01-07 16:25:13 -0600
Processing by Rails::WelcomeController#index as HTML
  Rendering /Users/petersmith/.rvm/gems/ruby-2.6.3/gems/railties-6.0.3.4/lib/rails/templates/rails/welcome/index.html.erb
  Rendered /Users/petersmith/.rvm/gems/ruby-2.6.3/gems/railties-6.0.3.4/lib/rails/templates/rails/welcome/index.html.erb (Duration: 6.9ms | Allocations: 316)
Completed 200 OK in 13ms (Views: 8.3ms | ActiveRecord: 0.0ms | Allocations: 1800)


Started GET "/" for ::1 at 2021-01-07 16:28:27 -0600
Processing by Rails::WelcomeController#index as HTML
  Rendering /Users/petersmith/.rvm/gems/ruby-2.6.3/gems/railties-6.0.3.4/lib/rails/templates/rails/welcome/index.html.erb
  Rendered /Users/petersmith/.rvm/gems/ruby-2.6.3/gems/railties-6.0.3.4/lib/rails/templates/rails/welcome/index.html.erb (Duration: 5.4ms | Allocations: 316)
Completed 200 OK in 11ms (Views: 6.7ms | ActiveRecord: 0.0ms | Allocations: 1795)


Started GET "/" for ::1 at 2021-01-07 16:30:02 -0600
Processing by HomeController#index as HTML
  Rendering home/index.html.erb within layouts/application
  Rendered home/index.html.erb within layouts/application (Duration: 0.3ms | Allocations: 85)
[Webpacker] Compiling...
[Webpacker] Compilation failed:
yarn run v1.22.4
info Visit https://yarnpkg.com/en/docs/cli/run for documentation about this command.


error Command "webpack" not found.

Completed 200 OK in 804ms (Views: 803.2ms | ActiveRecord: 0.0ms | Allocations: 7974)


Started GET "/" for ::1 at 2021-01-07 18:29:52 -0600
Processing by HomeController#index as HTML
  Rendering home/index.html.erb within layouts/application
  Rendered home/index.html.erb within layouts/application (Duration: 1.0ms | Allocations: 204)
Completed 500 Internal Server Error in 1854ms (ActiveRecord: 0.0ms | Allocations: 163355)


  
ActionView::Template::Error (The asset "application.js" is not present in the asset pipeline.
):
     5:     <%= csrf_meta_tags %>
     6: 
     7:     <%= stylesheet_link_tag    'application', media: 'all', 'data-turbolinks-track': 'reload' %>
     8:     <%= javascript_include_tag 'application', 'data-turbolinks-track': 'reload' %>
     9:   </head>
    10: 
    11:   <body>
  
app/views/layouts/application.html.erb:8
Started GET "/" for ::1 at 2021-01-07 18:31:22 -0600
Processing by HomeController#index as HTML
  Rendering home/index.html.erb within layouts/application
  Rendered home/index.html.erb within layouts/application (Duration: 0.9ms | Allocations: 204)
Completed 500 Internal Server Error in 62ms (ActiveRecord: 0.0ms | Allocations: 19944)


  
ActionView::Template::Error (The asset "application.js" is not present in the asset pipeline.
):
     5:     <%= csrf_meta_tags %>
     6: 
     7:     <%= stylesheet_link_tag    'application', media: 'all', 'data-turbolinks-track': 'reload' %>
     8:     <%= javascript_include_tag 'application', 'data-turbolinks-track': 'reload' %>
     9:   </head>
    10: 
    11:   <body>
  
app/views/layouts/application.html.erb:8
Started GET "/" for ::1 at 2021-01-07 18:31:24 -0600
Processing by HomeController#index as HTML
  Rendering home/index.html.erb within layouts/application
  Rendered home/index.html.erb within layouts/application (Duration: 0.0ms | Allocations: 5)
Completed 500 Internal Server Error in 10ms (ActiveRecord: 0.0ms | Allocations: 8903)


  
ActionView::Template::Error (The asset "application.js" is not present in the asset pipeline.
):
     5:     <%= csrf_meta_tags %>
     6: 
     7:     <%= stylesheet_link_tag    'application', media: 'all', 'data-turbolinks-track': 'reload' %>
     8:     <%= javascript_include_tag 'application', 'data-turbolinks-track': 'reload' %>
     9:   </head>
    10: 
    11:   <body>
  
app/views/layouts/application.html.erb:8
Started GET "/" for ::1 at 2021-01-07 18:33:17 -0600
Processing by HomeController#index as HTML
  Rendering home/index.html.erb within layouts/application
  Rendered home/index.html.erb within layouts/application (Duration: 1.4ms | Allocations: 204)
Completed 500 Internal Server Error in 80ms (ActiveRecord: 0.0ms | Allocations: 19946)


  
ActionView::Template::Error (The asset "application.js" is not present in the asset pipeline.
):
     5:     <%= csrf_meta_tags %>
     6: 
     7:     <%= stylesheet_link_tag    'application', media: 'all', 'data-turbolinks-track': 'reload' %>
     8:     <%= javascript_include_tag 'application', 'data-turbolinks-track': 'reload' %>
     9:   </head>
    10: 
    11:   <body>
  
app/views/layouts/application.html.erb:8
Started GET "/" for ::1 at 2021-01-07 18:36:40 -0600
Processing by HomeController#index as HTML
  Rendering home/index.html.erb within layouts/application
  Rendered home/index.html.erb within layouts/application (Duration: 0.4ms | Allocations: 204)
Completed 500 Internal Server Error in 49ms (ActiveRecord: 0.0ms | Allocations: 21347)


  
ActionView::Template::Error (The asset "application.js" is not present in the asset pipeline.
):
     5:     <%= csrf_meta_tags %>
     6: 
     7:     <%= stylesheet_link_tag    'application', media: 'all', 'data-turbolinks-track': 'reload' %>
     8:     <%= javascript_include_tag 'application', 'data-turbolinks-track': 'reload' %>
     9:   </head>
    10: 
    11:   <body>
  
app/views/layouts/application.html.erb:8
Started PUT "/__web_console/repl_sessions/afaab16b2d3a1565a3e79c48eff53943" for ::1 at 2021-01-07 18:36:45 -0600
Started PUT "/__web_console/repl_sessions/afaab16b2d3a1565a3e79c48eff53943" for ::1 at 2021-01-07 18:36:45 -0600
Started GET "/" for ::1 at 2021-01-07 18:37:06 -0600
Processing by HomeController#index as HTML
  Rendering home/index.html.erb within layouts/application
  Rendered home/index.html.erb within layouts/application (Duration: 0.4ms | Allocations: 204)
Completed 200 OK in 44ms (Views: 39.4ms | ActiveRecord: 0.0ms | Allocations: 17838)


Started GET "/" for ::1 at 2021-01-08 10:42:20 -0600
Processing by HomeController#index as HTML
  Rendering home/index.html.erb within layouts/application
  Rendered home/index.html.erb within layouts/application (Duration: 0.8ms | Allocations: 204)
Completed 200 OK in 71ms (Views: 65.9ms | ActiveRecord: 0.0ms | Allocations: 17844)


Started GET "/" for ::1 at 2021-01-08 10:44:00 -0600
Processing by HomeController#index as HTML
  Rendering home/index.html.erb within layouts/application
  Rendered home/index.html.erb within layouts/application (Duration: 0.3ms | Allocations: 88)
Completed 200 OK in 10ms (Views: 9.0ms | ActiveRecord: 0.0ms | Allocations: 6727)


Started GET "/" for ::1 at 2021-01-08 10:47:23 -0600
Processing by HomeController#index as HTML
  Rendering home/index.html.erb within layouts/application
  Rendered home/index.html.erb within layouts/application (Duration: 0.3ms | Allocations: 83)
Completed 500 Internal Server Error in 40ms (ActiveRecord: 0.0ms | Allocations: 12639)


  
ActionView::Template::Error (The asset "application.js" is not present in the asset pipeline.
):
     5:     <%= csrf_meta_tags %>
     6: 
     7:     <%= stylesheet_link_tag    'application', media: 'all', 'data-turbolinks-track': 'reload' %>
     8:     <%= javascript_include_tag 'application', 'data-turbolinks-track': 'reload' %>
     9:   </head>
    10: 
    11:   <body>
  
app/views/layouts/application.html.erb:8
Started GET "/" for ::1 at 2021-01-08 10:48:47 -0600
Processing by HomeController#index as HTML
  Rendering home/index.html.erb within layouts/application
  Rendered home/index.html.erb within layouts/application (Duration: 0.5ms | Allocations: 204)
[Webpacker] Compiling...
[Webpacker] Compilation failed:
yarn run v1.22.4
info Visit https://yarnpkg.com/en/docs/cli/run for documentation about this command.


error Command "webpack" not found.

Completed 200 OK in 906ms (Views: 901.4ms | ActiveRecord: 0.0ms | Allocations: 19632)


Started GET "/" for ::1 at 2021-01-08 10:50:47 -0600
Processing by HomeController#index as HTML
  Rendering home/index.html.erb within layouts/application
  Rendered home/index.html.erb within layouts/application (Duration: 0.4ms | Allocations: 204)
[Webpacker] Everything's up-to-date. Nothing to do
Completed 200 OK in 42ms (Views: 38.3ms | ActiveRecord: 0.0ms | Allocations: 18496)


  [1m[35m (25.4ms)[0m  [1m[35mCREATE TABLE "schema_migrations" ("version" character varying NOT NULL PRIMARY KEY)[0m
  [1m[35m (6.5ms)[0m  [1m[35mCREATE TABLE "ar_internal_metadata" ("key" character varying NOT NULL PRIMARY KEY, "value" character varying, "created_at" timestamp(6) NOT NULL, "updated_at" timestamp(6) NOT NULL)[0m
  [1m[35m (1.3ms)[0m  [1m[34mSELECT pg_try_advisory_lock(4497491832268569015)[0m
  [1m[35m (0.5ms)[0m  [1m[34mSELECT "schema_migrations"."version" FROM "schema_migrations" ORDER BY "schema_migrations"."version" ASC[0m
Migrating to DeviseCreateUsers (20210108170141)
  [1m[35m (0.1ms)[0m  [1m[35mBEGIN[0m
  [1m[35m (8.5ms)[0m  [1m[35mCREATE TABLE "users" ("id" bigserial primary key, "email" character varying DEFAULT '' NOT NULL, "encrypted_password" character varying DEFAULT '' NOT NULL, "reset_password_token" character varying, "reset_password_sent_at" timestamp, "remember_created_at" timestamp, "created_at" timestamp(6) NOT NULL, "updated_at" timestamp(6) NOT NULL)[0m
  [1m[35m (1.0ms)[0m  [1m[35mCREATE UNIQUE INDEX  "index_users_on_email" ON "users"  ("email")[0m
  [1m[35m (0.7ms)[0m  [1m[35mCREATE UNIQUE INDEX  "index_users_on_reset_password_token" ON "users"  ("reset_password_token")[0m
  [1m[36mprimary::SchemaMigration Create (0.9ms)[0m  [1m[32mINSERT INTO "schema_migrations" ("version") VALUES ($1) RETURNING "version"[0m  [["version", "20210108170141"]]
  [1m[35m (0.3ms)[0m  [1m[35mCOMMIT[0m
  [1m[36mActiveRecord::InternalMetadata Load (0.2ms)[0m  [1m[34mSELECT "ar_internal_metadata".* FROM "ar_internal_metadata" WHERE "ar_internal_metadata"."key" = $1 LIMIT $2[0m  [["key", "environment"], ["LIMIT", 1]]
  [1m[35m (0.2ms)[0m  [1m[35mBEGIN[0m
  [1m[36mActiveRecord::InternalMetadata Create (1.2ms)[0m  [1m[32mINSERT INTO "ar_internal_metadata" ("key", "value", "created_at", "updated_at") VALUES ($1, $2, $3, $4) RETURNING "key"[0m  [["key", "environment"], ["value", "development"], ["created_at", "2021-01-08 17:03:06.573709"], ["updated_at", "2021-01-08 17:03:06.573709"]]
  [1m[35m (0.3ms)[0m  [1m[35mCOMMIT[0m
  [1m[35m (0.3ms)[0m  [1m[34mSELECT pg_advisory_unlock(4497491832268569015)[0m
  [1m[35m (1.5ms)[0m  [1m[34mSELECT "schema_migrations"."version" FROM "schema_migrations" ORDER BY "schema_migrations"."version" ASC[0m
Started GET "/" for ::1 at 2021-01-08 11:06:18 -0600
  [1m[35m (0.5ms)[0m  [1m[34mSELECT "schema_migrations"."version" FROM "schema_migrations" ORDER BY "schema_migrations"."version" ASC[0m
Processing by HomeController#index as HTML
  Rendering home/index.html.erb within layouts/application
  Rendered home/index.html.erb within layouts/application (Duration: 0.6ms | Allocations: 205)
[Webpacker] Everything's up-to-date. Nothing to do
Completed 200 OK in 77ms (Views: 71.0ms | ActiveRecord: 0.0ms | Allocations: 18861)


Started GET "/users/sign_in" for ::1 at 2021-01-08 11:06:19 -0600
Processing by Devise::SessionsController#new as HTML
  Rendering /Users/petersmith/.rvm/gems/ruby-2.6.3/gems/devise-4.7.3/app/views/devise/sessions/new.html.erb within layouts/application
  Rendered /Users/petersmith/.rvm/gems/ruby-2.6.3/gems/devise-4.7.3/app/views/devise/shared/_links.html.erb (Duration: 1.7ms | Allocations: 636)
  Rendered /Users/petersmith/.rvm/gems/ruby-2.6.3/gems/devise-4.7.3/app/views/devise/sessions/new.html.erb within layouts/application (Duration: 41.6ms | Allocations: 9147)
[Webpacker] Everything's up-to-date. Nothing to do
Completed 200 OK in 86ms (Views: 69.7ms | ActiveRecord: 3.8ms | Allocations: 24504)


Started GET "/users/sign_up" for ::1 at 2021-01-08 11:06:39 -0600
Processing by Devise::RegistrationsController#new as HTML
  Rendering /Users/petersmith/.rvm/gems/ruby-2.6.3/gems/devise-4.7.3/app/views/devise/registrations/new.html.erb within layouts/application
  Rendered /Users/petersmith/.rvm/gems/ruby-2.6.3/gems/devise-4.7.3/app/views/devise/shared/_error_messages.html.erb (Duration: 0.5ms | Allocations: 211)
  Rendered /Users/petersmith/.rvm/gems/ruby-2.6.3/gems/devise-4.7.3/app/views/devise/shared/_links.html.erb (Duration: 0.3ms | Allocations: 124)
  Rendered /Users/petersmith/.rvm/gems/ruby-2.6.3/gems/devise-4.7.3/app/views/devise/registrations/new.html.erb within layouts/application (Duration: 3.8ms | Allocations: 1948)
[Webpacker] Everything's up-to-date. Nothing to do
Completed 200 OK in 18ms (Views: 16.4ms | ActiveRecord: 0.0ms | Allocations: 10737)


Started POST "/users" for ::1 at 2021-01-08 11:06:56 -0600
Processing by Devise::RegistrationsController#create as HTML
  Parameters: {"authenticity_token"=>"6lwmWLgS+QYKG5p07bGMoPvEdLOc8q/A3v7ZUGDRwMTRvaFyGjeetL5LaZN+zbgfbfomT7ZoZxiMT/3aWauP7Q==", "user"=>{"email"=>"petergbsmith@gmail.com", "password"=>"[FILTERED]", "password_confirmation"=>"[FILTERED]"}, "commit"=>"Sign up"}
  [1m[35m (0.2ms)[0m  [1m[35mBEGIN[0m
  [1m[36mUser Exists? (0.5ms)[0m  [1m[34mSELECT 1 AS one FROM "users" WHERE "users"."email" = $1 LIMIT $2[0m  [["email", "petergbsmith@gmail.com"], ["LIMIT", 1]]
  [1m[36mUser Create (1.3ms)[0m  [1m[32mINSERT INTO "users" ("email", "encrypted_password", "created_at", "updated_at") VALUES ($1, $2, $3, $4) RETURNING "id"[0m  [["email", "petergbsmith@gmail.com"], ["encrypted_password", "$2a$12$BMPwrjfu6luVUrMDLniUnO84.Eni2jsiA7M82xqXBO6U8wixKG0IG"], ["created_at", "2021-01-08 17:06:56.600987"], ["updated_at", "2021-01-08 17:06:56.600987"]]
  [1m[35m (0.6ms)[0m  [1m[35mCOMMIT[0m
Redirected to http://localhost:3000/
Completed 302 Found in 534ms (ActiveRecord: 2.6ms | Allocations: 10516)


Started GET "/" for ::1 at 2021-01-08 11:06:56 -0600
Processing by HomeController#index as HTML
  Rendering home/index.html.erb within layouts/application
  Rendered home/index.html.erb within layouts/application (Duration: 0.0ms | Allocations: 5)
[Webpacker] Everything's up-to-date. Nothing to do
  [1m[36mUser Load (0.3ms)[0m  [1m[34mSELECT "users".* FROM "users" WHERE "users"."id" = $1 ORDER BY "users"."id" ASC LIMIT $2[0m  [["id", 1], ["LIMIT", 1]]
  ↳ app/views/layouts/application.html.erb:29
Completed 200 OK in 13ms (Views: 12.1ms | ActiveRecord: 0.4ms | Allocations: 8844)


Started DELETE "/users/sign_out" for ::1 at 2021-01-08 11:07:05 -0600
Processing by Devise::SessionsController#destroy as HTML
  Parameters: {"authenticity_token"=>"Xk/qn2TqW2m2uQkcHJpheHlS7gTHvp8kmim5uPMDjJbqJGzf9OiuTGgKkIdpvF9DbxGPJiODXeFkwV/1bK/u7A=="}
  [1m[36mUser Load (0.2ms)[0m  [1m[34mSELECT "users".* FROM "users" WHERE "users"."id" = $1 ORDER BY "users"."id" ASC LIMIT $2[0m  [["id", 1], ["LIMIT", 1]]
Redirected to http://localhost:3000/
Completed 302 Found in 6ms (ActiveRecord: 0.2ms | Allocations: 2780)


Started GET "/" for ::1 at 2021-01-08 11:07:05 -0600
Processing by HomeController#index as HTML
  Rendering home/index.html.erb within layouts/application
  Rendered home/index.html.erb within layouts/application (Duration: 0.0ms | Allocations: 4)
[Webpacker] Everything's up-to-date. Nothing to do
Completed 200 OK in 10ms (Views: 9.9ms | ActiveRecord: 0.0ms | Allocations: 7856)


Started GET "/users/sign_in" for ::1 at 2021-01-08 11:07:06 -0600
Processing by Devise::SessionsController#new as HTML
  Rendering /Users/petersmith/.rvm/gems/ruby-2.6.3/gems/devise-4.7.3/app/views/devise/sessions/new.html.erb within layouts/application
  Rendered /Users/petersmith/.rvm/gems/ruby-2.6.3/gems/devise-4.7.3/app/views/devise/shared/_links.html.erb (Duration: 0.2ms | Allocations: 134)
  Rendered /Users/petersmith/.rvm/gems/ruby-2.6.3/gems/devise-4.7.3/app/views/devise/sessions/new.html.erb within layouts/application (Duration: 1.6ms | Allocations: 1055)
[Webpacker] Everything's up-to-date. Nothing to do
Completed 200 OK in 13ms (Views: 12.1ms | ActiveRecord: 0.0ms | Allocations: 9134)


Started POST "/users/sign_in" for ::1 at 2021-01-08 11:07:09 -0600
Processing by Devise::SessionsController#create as HTML
  Parameters: {"authenticity_token"=>"/wIL43XyAGFAiLSkE7GajNY4s3kPfSlmH3yBKOZEFwMEzIgygtQqKm5GQnzRtyzT2K22jzX0clLyiRRnJ89VTg==", "user"=>{"email"=>"email@email.com", "password"=>"[FILTERED]", "remember_me"=>"0"}, "commit"=>"Log in"}
  [1m[36mUser Load (0.2ms)[0m  [1m[34mSELECT "users".* FROM "users" WHERE "users"."email" = $1 ORDER BY "users"."id" ASC LIMIT $2[0m  [["email", "email@email.com"], ["LIMIT", 1]]
Completed 401 Unauthorized in 4ms (ActiveRecord: 0.2ms | Allocations: 2133)


Processing by Devise::SessionsController#new as HTML
  Parameters: {"authenticity_token"=>"/wIL43XyAGFAiLSkE7GajNY4s3kPfSlmH3yBKOZEFwMEzIgygtQqKm5GQnzRtyzT2K22jzX0clLyiRRnJ89VTg==", "user"=>{"email"=>"email@email.com", "password"=>"[FILTERED]", "remember_me"=>"0"}, "commit"=>"Log in"}
  Rendering /Users/petersmith/.rvm/gems/ruby-2.6.3/gems/devise-4.7.3/app/views/devise/sessions/new.html.erb within layouts/application
  Rendered /Users/petersmith/.rvm/gems/ruby-2.6.3/gems/devise-4.7.3/app/views/devise/shared/_links.html.erb (Duration: 0.2ms | Allocations: 134)
  Rendered /Users/petersmith/.rvm/gems/ruby-2.6.3/gems/devise-4.7.3/app/views/devise/sessions/new.html.erb within layouts/application (Duration: 1.3ms | Allocations: 1048)
[Webpacker] Everything's up-to-date. Nothing to do
Completed 200 OK in 204ms (Views: 10.0ms | ActiveRecord: 0.0ms | Allocations: 9049)


Started POST "/users/sign_in" for ::1 at 2021-01-08 11:07:19 -0600
Processing by Devise::SessionsController#create as HTML
  Parameters: {"authenticity_token"=>"29Qbz77JD85/AoTyfHUO07zBS0MONK9InaDxVscht5d/29GBqcUtGghSgFAoCGdD2B07tmK61mBRxUV0QBLPMw==", "user"=>{"email"=>"petergbsmith@gmail.com", "password"=>"[FILTERED]", "remember_me"=>"0"}, "commit"=>"Log in"}
  [1m[36mUser Load (0.5ms)[0m  [1m[34mSELECT "users".* FROM "users" WHERE "users"."email" = $1 ORDER BY "users"."id" ASC LIMIT $2[0m  [["email", "petergbsmith@gmail.com"], ["LIMIT", 1]]
Redirected to http://localhost:3000/
Completed 302 Found in 197ms (ActiveRecord: 0.5ms | Allocations: 3052)


Started GET "/" for ::1 at 2021-01-08 11:07:19 -0600
Processing by HomeController#index as HTML
  Rendering home/index.html.erb within layouts/application
  Rendered home/index.html.erb within layouts/application (Duration: 0.0ms | Allocations: 5)
[Webpacker] Everything's up-to-date. Nothing to do
  [1m[36mUser Load (3.6ms)[0m  [1m[34mSELECT "users".* FROM "users" WHERE "users"."id" = $1 ORDER BY "users"."id" ASC LIMIT $2[0m  [["id", 1], ["LIMIT", 1]]
  ↳ app/views/layouts/application.html.erb:29
Completed 200 OK in 15ms (Views: 10.4ms | ActiveRecord: 3.6ms | Allocations: 8695)


